[2025-05-30, 17:12:05.501704] place: INFO : Release 1.0 - Place
Copyright (c) 2006-2009 FPGA-SoftwareGP.MEKeylab.FDU   All rights reserved.
[2025-05-30, 17:12:05.502203] place: INFO : Progress    0%: parsing commands ...
[2025-05-30, 17:12:05.502203] place: INFO : Progress   10%: loading arch library "\\?\C:\Users\wjw_0\AppData\Local\UFDE+\resource\hw_lib\fdp3p7_arch.xml" ...
[2025-05-30, 17:12:05.604976] place: INFO : Progress   20%: loading netlist "exp1_dc_pack.xml" ...
[2025-05-30, 17:12:05.606481] place: INFO : Progress   30%: loading constraint "D:\FDE\Workspace\goffer_exp1\exp1_cons.xml" ...
[2025-05-30, 17:12:05.606481] place: INFO : Effort Level  : 10
[2025-05-30, 17:12:05.606481] place: INFO : Mode          : Timing Driven
[2025-05-30, 17:12:05.606481] place: INFO : Progress   40%: loading delay library "\\?\C:\Users\wjw_0\AppData\Local\UFDE+\resource\hw_lib\fdp3p7_dly.xml" ...
[2025-05-30, 17:12:05.620095] place: INFO : Design        : "timer_display", resource statistic:
[2025-05-30, 17:12:05.620095] place: INFO :   * Amount of GCLK: 1
[2025-05-30, 17:12:05.620095] place: INFO :   * Amount of GCLKIOB: 1
[2025-05-30, 17:12:05.620095] place: INFO :   * Amount of IOB: 13
[2025-05-30, 17:12:05.620095] place: INFO :   * Amount of SLICE: 42
[2025-05-30, 17:12:05.620095] place: INFO :   * Amount of Net: 104
[2025-05-30, 17:12:05.620095] place: INFO : Device        : "fdp3000k", resource usage:
[2025-05-30, 17:12:05.620095] place: INFO :   * Proportion of GCLK: 25.00%
[2025-05-30, 17:12:05.620095] place: INFO :   * Proportion of GCLKIOB: 25.00%
[2025-05-30, 17:12:05.620095] place: INFO :   * Proportion of IOB: 9.15%
[2025-05-30, 17:12:05.620095] place: INFO :   * Proportion of SLICE(LUT0): 1.37%
[2025-05-30, 17:12:05.620095] place: INFO : Progress   50%: build FPGA architecture ...
[2025-05-30, 17:12:05.644072] place: INFO : Progress   60%: begin to initially place ...
[2025-05-30, 17:12:05.645164] place: INFO :   * Initial cost = 1
[2025-05-30, 17:12:05.645164] place: INFO : Progress   70%: begin to perform place iteration ...
[2025-05-30, 17:12:05.645664] place: INFO : Progress   80%: begin to perform final place iteration ...
[2025-05-30, 17:12:05.650323] place: INFO :   * Final cost = 1
[2025-05-30, 17:12:05.650323] place: INFO : Progress   90%: begin to write placed netlist ...
[2025-05-30, 17:12:05.653327] place: INFO : Successfully finish the placement. Elapsed Time: 0s
[2025-05-30, 17:28:03.922641] place: INFO : Release 1.0 - Place
Copyright (c) 2006-2009 FPGA-SoftwareGP.MEKeylab.FDU   All rights reserved.
[2025-05-30, 17:28:03.923453] place: INFO : Progress    0%: parsing commands ...
[2025-05-30, 17:28:03.923741] place: INFO : Progress   10%: loading arch library "/Users/junweiwang/Documents/FDU_FPGA/ufde-next/src-tauri/target/release/resource/hw_lib/fdp3p7_arch.xml" ...
[2025-05-30, 17:28:04.292973] place: INFO : Progress   20%: loading netlist "exp1_dc_pack.xml" ...
[2025-05-30, 17:28:04.300537] place: INFO : Progress   30%: loading constraint "/Users/junweiwang/Downloads/goffer_exp1/exp1_cons.xml" ...
[2025-05-30, 17:28:04.300742] place: INFO : Effort Level  : 10
[2025-05-30, 17:28:04.300761] place: INFO : Mode          : Timing Driven
[2025-05-30, 17:28:04.300776] place: INFO : Progress   40%: loading delay library "/Users/junweiwang/Documents/FDU_FPGA/ufde-next/src-tauri/target/release/resource/hw_lib/fdp3p7_dly.xml" ...
[2025-05-30, 17:28:04.335502] place: INFO : Design        : "timer_display", resource statistic:
[2025-05-30, 17:28:04.335581] place: INFO :   * Amount of GCLK: 1
[2025-05-30, 17:28:04.335599] place: INFO :   * Amount of GCLKIOB: 1
[2025-05-30, 17:28:04.335615] place: INFO :   * Amount of IOB: 13
[2025-05-30, 17:28:04.335629] place: INFO :   * Amount of SLICE: 31
[2025-05-30, 17:28:04.335644] place: INFO :   * Amount of Net: 83
[2025-05-30, 17:28:04.335656] place: INFO : Device        : "fdp3000k", resource usage:
[2025-05-30, 17:28:04.335674] place: INFO :   * Proportion of GCLK: 25.00%
[2025-05-30, 17:28:04.335689] place: INFO :   * Proportion of GCLKIOB: 25.00%
[2025-05-30, 17:28:04.335715] place: INFO :   * Proportion of IOB: 9.15%
[2025-05-30, 17:28:04.335729] place: INFO :   * Proportion of SLICE(LUT0): 1.01%
[2025-05-30, 17:28:04.336080] place: INFO : Progress   50%: build FPGA architecture ...
[2025-05-30, 17:28:04.374084] place: INFO : Progress   60%: begin to initially place ...
[2025-05-30, 17:28:04.378828] place: INFO :   * Initial cost = 1
[2025-05-30, 17:28:04.378858] place: INFO : Progress   70%: begin to perform place iteration ...
[2025-05-30, 17:28:04.379749] place: INFO : Progress   80%: begin to perform final place iteration ...
[2025-05-30, 17:28:04.416132] place: INFO :   * Final cost = 1
[2025-05-30, 17:28:04.416316] place: INFO : Progress   90%: begin to write placed netlist ...
[2025-05-30, 17:28:04.421568] place: INFO : Successfully finish the placement. Elapsed Time: 1s
[2025-05-30, 17:29:57.799082] place: INFO : Release 1.0 - Place
Copyright (c) 2006-2009 FPGA-SoftwareGP.MEKeylab.FDU   All rights reserved.
[2025-05-30, 17:29:57.799653] place: INFO : Progress    0%: parsing commands ...
[2025-05-30, 17:29:57.800010] place: INFO : Progress   10%: loading arch library "/Users/junweiwang/Documents/FDU_FPGA/ufde-next/src-tauri/target/release/resource/hw_lib/fdp3p7_arch.xml" ...
[2025-05-30, 17:29:58.185444] place: INFO : Progress   20%: loading netlist "exp1_dc_pack.xml" ...
[2025-05-30, 17:29:58.193141] place: INFO : Progress   30%: loading constraint "/Users/junweiwang/Downloads/goffer_exp1/exp1_cons.xml" ...
[2025-05-30, 17:29:58.193359] place: INFO : Effort Level  : 10
[2025-05-30, 17:29:58.193378] place: INFO : Mode          : Timing Driven
[2025-05-30, 17:29:58.193392] place: INFO : Progress   40%: loading delay library "/Users/junweiwang/Documents/FDU_FPGA/ufde-next/src-tauri/target/release/resource/hw_lib/fdp3p7_dly.xml" ...
[2025-05-30, 17:29:58.228442] place: INFO : Design        : "timer_display", resource statistic:
[2025-05-30, 17:29:58.228516] place: INFO :   * Amount of GCLK: 1
[2025-05-30, 17:29:58.228534] place: INFO :   * Amount of GCLKIOB: 1
[2025-05-30, 17:29:58.228547] place: INFO :   * Amount of IOB: 13
[2025-05-30, 17:29:58.228561] place: INFO :   * Amount of SLICE: 31
[2025-05-30, 17:29:58.228577] place: INFO :   * Amount of Net: 83
[2025-05-30, 17:29:58.228592] place: INFO : Device        : "fdp3000k", resource usage:
[2025-05-30, 17:29:58.228611] place: INFO :   * Proportion of GCLK: 25.00%
[2025-05-30, 17:29:58.228627] place: INFO :   * Proportion of GCLKIOB: 25.00%
[2025-05-30, 17:29:58.228644] place: INFO :   * Proportion of IOB: 9.15%
[2025-05-30, 17:29:58.228659] place: INFO :   * Proportion of SLICE(LUT0): 1.01%
[2025-05-30, 17:29:58.228965] place: INFO : Progress   50%: build FPGA architecture ...
[2025-05-30, 17:29:58.265082] place: INFO : Progress   60%: begin to initially place ...
[2025-05-30, 17:29:58.269645] place: INFO :   * Initial cost = 1
[2025-05-30, 17:29:58.269676] place: INFO : Progress   70%: begin to perform place iteration ...
[2025-05-30, 17:29:58.273392] place: INFO : Progress   80%: begin to perform final place iteration ...
[2025-05-30, 17:29:58.313694] place: INFO :   * Final cost = 1
[2025-05-30, 17:29:58.313876] place: INFO : Progress   90%: begin to write placed netlist ...
[2025-05-30, 17:29:58.318401] place: INFO : Successfully finish the placement. Elapsed Time: 1s
[2025-05-30, 23:18:25.140668] place: INFO : Release 1.0 - Place
Copyright (c) 2006-2009 FPGA-SoftwareGP.MEKeylab.FDU   All rights reserved.
[2025-05-30, 23:18:25.142172] place: INFO : Progress    0%: parsing commands ...
[2025-05-30, 23:18:25.142676] place: INFO : Progress   10%: loading arch library "\\?\C:\Users\wjw_0\AppData\Local\UFDE+\resource\hw_lib\fdp3p7_arch.xml" ...
[2025-05-30, 23:18:25.240364] place: INFO : Progress   20%: loading netlist "exp1_dc_pack.xml" ...
[2025-05-30, 23:18:25.241872] place: INFO : Progress   30%: loading constraint "F:\FUDAN\s6\workspace\asic\project\experiments\counter\ufde\goffer_exp1\exp1_cons.xml" ...
[2025-05-30, 23:18:25.241872] place: INFO : Effort Level  : 10
[2025-05-30, 23:18:25.241872] place: INFO : Mode          : Timing Driven
[2025-05-30, 23:18:25.241872] place: INFO : Progress   40%: loading delay library "\\?\C:\Users\wjw_0\AppData\Local\UFDE+\resource\hw_lib\fdp3p7_dly.xml" ...
[2025-05-30, 23:18:25.255422] place: INFO : Design        : "timer_display", resource statistic:
[2025-05-30, 23:18:25.255422] place: INFO :   * Amount of GCLK: 1
[2025-05-30, 23:18:25.255422] place: INFO :   * Amount of GCLKIOB: 1
[2025-05-30, 23:18:25.255422] place: INFO :   * Amount of IOB: 13
[2025-05-30, 23:18:25.255422] place: INFO :   * Amount of SLICE: 31
[2025-05-30, 23:18:25.255422] place: INFO :   * Amount of Net: 83
[2025-05-30, 23:18:25.255422] place: INFO : Device        : "fdp3000k", resource usage:
[2025-05-30, 23:18:25.255422] place: INFO :   * Proportion of GCLK: 25.00%
[2025-05-30, 23:18:25.255422] place: INFO :   * Proportion of GCLKIOB: 25.00%
[2025-05-30, 23:18:25.255422] place: INFO :   * Proportion of IOB: 9.15%
[2025-05-30, 23:18:25.255422] place: INFO :   * Proportion of SLICE(LUT0): 1.01%
[2025-05-30, 23:18:25.256926] place: INFO : Progress   50%: build FPGA architecture ...
[2025-05-30, 23:18:25.277084] place: INFO : Progress   60%: begin to initially place ...
[2025-05-30, 23:18:25.277589] place: INFO :   * Initial cost = 1
[2025-05-30, 23:18:25.277589] place: INFO : Progress   70%: begin to perform place iteration ...
[2025-05-30, 23:18:25.277589] place: INFO : Progress   80%: begin to perform final place iteration ...
[2025-05-30, 23:18:25.280603] place: INFO :   * Final cost = 1
[2025-05-30, 23:18:25.281606] place: INFO : Progress   90%: begin to write placed netlist ...
[2025-05-30, 23:18:25.285115] place: INFO : Successfully finish the placement. Elapsed Time: 0s
[2025-05-31, 16:06:45.400298] place: INFO : Release 1.0 - Place
Copyright (c) 2006-2009 FPGA-SoftwareGP.MEKeylab.FDU   All rights reserved.
[2025-05-31, 16:06:45.401629] place: INFO : Progress    0%: parsing commands ...
[2025-05-31, 16:06:45.402030] place: INFO : Progress   10%: loading arch library "/Users/junweiwang/Documents/FDU_FPGA/ufde-next/src-tauri/target/release/resource/hw_lib/fdp3p7_arch.xml" ...
[2025-05-31, 16:06:45.766297] place: INFO : Progress   20%: loading netlist "exp1_dc_pack.xml" ...
[2025-05-31, 16:06:45.775171] place: INFO : Progress   30%: loading constraint "/Volumes/Jimmy1/FUDAN/s6/workspace/asic/project/experiments/counter/ufde/goffer_exp1/exp1_cons.xml" ...
[2025-05-31, 16:06:45.775374] place: INFO : Effort Level  : 10
[2025-05-31, 16:06:45.775395] place: INFO : Mode          : Timing Driven
[2025-05-31, 16:06:45.775408] place: INFO : Progress   40%: loading delay library "/Users/junweiwang/Documents/FDU_FPGA/ufde-next/src-tauri/target/release/resource/hw_lib/fdp3p7_dly.xml" ...
[2025-05-31, 16:06:45.809469] place: INFO : Design        : "timer_display", resource statistic:
[2025-05-31, 16:06:45.809530] place: INFO :   * Amount of GCLK: 1
[2025-05-31, 16:06:45.809547] place: INFO :   * Amount of GCLKIOB: 1
[2025-05-31, 16:06:45.809559] place: INFO :   * Amount of IOB: 13
[2025-05-31, 16:06:45.809571] place: INFO :   * Amount of SLICE: 41
[2025-05-31, 16:06:45.809584] place: INFO :   * Amount of Net: 103
[2025-05-31, 16:06:45.809598] place: INFO : Device        : "fdp3000k", resource usage:
[2025-05-31, 16:06:45.809614] place: INFO :   * Proportion of GCLK: 25.00%
[2025-05-31, 16:06:45.809628] place: INFO :   * Proportion of GCLKIOB: 25.00%
[2025-05-31, 16:06:45.809641] place: INFO :   * Proportion of IOB: 9.15%
[2025-05-31, 16:06:45.809655] place: INFO :   * Proportion of SLICE(LUT0): 1.33%
[2025-05-31, 16:06:45.810830] place: INFO : Progress   50%: build FPGA architecture ...
[2025-05-31, 16:06:45.845761] place: INFO : Progress   60%: begin to initially place ...
[2025-05-31, 16:06:45.851312] place: INFO :   * Initial cost = 1
[2025-05-31, 16:06:45.851334] place: INFO : Progress   70%: begin to perform place iteration ...
[2025-05-31, 16:06:45.852483] place: INFO : Progress   80%: begin to perform final place iteration ...
[2025-05-31, 16:06:45.898697] place: INFO :   * Final cost = 1
[2025-05-31, 16:06:45.898890] place: INFO : Progress   90%: begin to write placed netlist ...
[2025-05-31, 16:06:45.904793] place: INFO : Successfully finish the placement. Elapsed Time: 0s
[2025-05-31, 16:08:58.915761] place: INFO : Release 1.0 - Place
Copyright (c) 2006-2009 FPGA-SoftwareGP.MEKeylab.FDU   All rights reserved.
[2025-05-31, 16:08:58.916489] place: INFO : Progress    0%: parsing commands ...
[2025-05-31, 16:08:58.916639] place: INFO : Progress   10%: loading arch library "/Users/junweiwang/Documents/FDU_FPGA/ufde-next/src-tauri/target/release/resource/hw_lib/fdp3p7_arch.xml" ...
[2025-05-31, 16:08:59.273630] place: INFO : Progress   20%: loading netlist "exp1_dc_pack.xml" ...
[2025-05-31, 16:08:59.280962] place: INFO : Progress   30%: loading constraint "/Volumes/Jimmy1/FUDAN/s6/workspace/asic/project/experiments/counter/ufde/goffer_exp1/exp1_cons.xml" ...
[2025-05-31, 16:08:59.281083] place: INFO : Effort Level  : 10
[2025-05-31, 16:08:59.281098] place: INFO : Mode          : Timing Driven
[2025-05-31, 16:08:59.281111] place: INFO : Progress   40%: loading delay library "/Users/junweiwang/Documents/FDU_FPGA/ufde-next/src-tauri/target/release/resource/hw_lib/fdp3p7_dly.xml" ...
[2025-05-31, 16:08:59.314403] place: INFO : Design        : "timer_display", resource statistic:
[2025-05-31, 16:08:59.314420] place: INFO :   * Amount of GCLK: 1
[2025-05-31, 16:08:59.314432] place: INFO :   * Amount of GCLKIOB: 1
[2025-05-31, 16:08:59.314444] place: INFO :   * Amount of IOB: 13
[2025-05-31, 16:08:59.314456] place: INFO :   * Amount of SLICE: 31
[2025-05-31, 16:08:59.314468] place: INFO :   * Amount of Net: 83
[2025-05-31, 16:08:59.314478] place: INFO : Device        : "fdp3000k", resource usage:
[2025-05-31, 16:08:59.314494] place: INFO :   * Proportion of GCLK: 25.00%
[2025-05-31, 16:08:59.314508] place: INFO :   * Proportion of GCLKIOB: 25.00%
[2025-05-31, 16:08:59.314519] place: INFO :   * Proportion of IOB: 9.15%
[2025-05-31, 16:08:59.314531] place: INFO :   * Proportion of SLICE(LUT0): 1.01%
[2025-05-31, 16:08:59.314747] place: INFO : Progress   50%: build FPGA architecture ...
[2025-05-31, 16:08:59.349198] place: INFO : Progress   60%: begin to initially place ...
[2025-05-31, 16:08:59.353559] place: INFO :   * Initial cost = 1
[2025-05-31, 16:08:59.353575] place: INFO : Progress   70%: begin to perform place iteration ...
[2025-05-31, 16:08:59.354471] place: INFO : Progress   80%: begin to perform final place iteration ...
[2025-05-31, 16:08:59.390026] place: INFO :   * Final cost = 1
[2025-05-31, 16:08:59.390180] place: INFO : Progress   90%: begin to write placed netlist ...
[2025-05-31, 16:08:59.394781] place: INFO : Successfully finish the placement. Elapsed Time: 1s
[2025-05-31, 16:11:11.305027] place: INFO : Release 1.0 - Place
Copyright (c) 2006-2009 FPGA-SoftwareGP.MEKeylab.FDU   All rights reserved.
[2025-05-31, 16:11:11.305763] place: INFO : Progress    0%: parsing commands ...
[2025-05-31, 16:11:11.306130] place: INFO : Progress   10%: loading arch library "/Users/junweiwang/Documents/FDU_FPGA/ufde-next/src-tauri/target/release/resource/hw_lib/fdp3p7_arch.xml" ...
[2025-05-31, 16:11:11.662491] place: INFO : Progress   20%: loading netlist "exp1_dc_pack.xml" ...
[2025-05-31, 16:11:11.671278] place: INFO : Progress   30%: loading constraint "/Volumes/Jimmy1/FUDAN/s6/workspace/asic/project/experiments/counter/ufde/goffer_exp1/exp1_cons.xml" ...
[2025-05-31, 16:11:11.671397] place: INFO : Effort Level  : 10
[2025-05-31, 16:11:11.671412] place: INFO : Mode          : Timing Driven
[2025-05-31, 16:11:11.671424] place: INFO : Progress   40%: loading delay library "/Users/junweiwang/Documents/FDU_FPGA/ufde-next/src-tauri/target/release/resource/hw_lib/fdp3p7_dly.xml" ...
[2025-05-31, 16:11:11.704742] place: INFO : Design        : "timer_display", resource statistic:
[2025-05-31, 16:11:11.704767] place: INFO :   * Amount of GCLK: 1
[2025-05-31, 16:11:11.704782] place: INFO :   * Amount of GCLKIOB: 1
[2025-05-31, 16:11:11.704795] place: INFO :   * Amount of IOB: 13
[2025-05-31, 16:11:11.704807] place: INFO :   * Amount of SLICE: 41
[2025-05-31, 16:11:11.704823] place: INFO :   * Amount of Net: 101
[2025-05-31, 16:11:11.704834] place: INFO : Device        : "fdp3000k", resource usage:
[2025-05-31, 16:11:11.704852] place: INFO :   * Proportion of GCLK: 25.00%
[2025-05-31, 16:11:11.704864] place: INFO :   * Proportion of GCLKIOB: 25.00%
[2025-05-31, 16:11:11.704876] place: INFO :   * Proportion of IOB: 9.15%
[2025-05-31, 16:11:11.704889] place: INFO :   * Proportion of SLICE(LUT0): 1.33%
[2025-05-31, 16:11:11.705123] place: INFO : Progress   50%: build FPGA architecture ...
[2025-05-31, 16:11:11.744962] place: INFO : Progress   60%: begin to initially place ...
[2025-05-31, 16:11:11.751086] place: INFO :   * Initial cost = 1
[2025-05-31, 16:11:11.751141] place: INFO : Progress   70%: begin to perform place iteration ...
[2025-05-31, 16:11:11.752333] place: INFO : Progress   80%: begin to perform final place iteration ...
[2025-05-31, 16:11:11.799084] place: INFO :   * Final cost = 1
[2025-05-31, 16:11:11.799252] place: INFO : Progress   90%: begin to write placed netlist ...
[2025-05-31, 16:11:11.804721] place: INFO : Successfully finish the placement. Elapsed Time: 0s
[2025-05-31, 16:14:09.774692] place: INFO : Release 1.0 - Place
Copyright (c) 2006-2009 FPGA-SoftwareGP.MEKeylab.FDU   All rights reserved.
[2025-05-31, 16:14:09.775481] place: INFO : Progress    0%: parsing commands ...
[2025-05-31, 16:14:09.775991] place: INFO : Progress   10%: loading arch library "/Users/junweiwang/Documents/FDU_FPGA/ufde-next/src-tauri/target/release/resource/hw_lib/fdp3p7_arch.xml" ...
[2025-05-31, 16:14:10.135108] place: INFO : Progress   20%: loading netlist "exp1_dc_pack.xml" ...
[2025-05-31, 16:14:10.144234] place: INFO : Progress   30%: loading constraint "/Volumes/Jimmy1/FUDAN/s6/workspace/asic/project/experiments/counter/ufde/goffer_exp1/exp1_cons.xml" ...
[2025-05-31, 16:14:10.144360] place: INFO : Effort Level  : 10
[2025-05-31, 16:14:10.144375] place: INFO : Mode          : Timing Driven
[2025-05-31, 16:14:10.144387] place: INFO : Progress   40%: loading delay library "/Users/junweiwang/Documents/FDU_FPGA/ufde-next/src-tauri/target/release/resource/hw_lib/fdp3p7_dly.xml" ...
[2025-05-31, 16:14:10.178898] place: INFO : Design        : "timer_display", resource statistic:
[2025-05-31, 16:14:10.178925] place: INFO :   * Amount of GCLK: 1
[2025-05-31, 16:14:10.178940] place: INFO :   * Amount of GCLKIOB: 1
[2025-05-31, 16:14:10.178953] place: INFO :   * Amount of IOB: 13
[2025-05-31, 16:14:10.178965] place: INFO :   * Amount of SLICE: 44
[2025-05-31, 16:14:10.178977] place: INFO :   * Amount of Net: 108
[2025-05-31, 16:14:10.178988] place: INFO : Device        : "fdp3000k", resource usage:
[2025-05-31, 16:14:10.179006] place: INFO :   * Proportion of GCLK: 25.00%
[2025-05-31, 16:14:10.179019] place: INFO :   * Proportion of GCLKIOB: 25.00%
[2025-05-31, 16:14:10.179030] place: INFO :   * Proportion of IOB: 9.15%
[2025-05-31, 16:14:10.179043] place: INFO :   * Proportion of SLICE(LUT0): 1.43%
[2025-05-31, 16:14:10.179266] place: INFO : Progress   50%: build FPGA architecture ...
[2025-05-31, 16:14:10.214361] place: INFO : Progress   60%: begin to initially place ...
[2025-05-31, 16:14:10.219948] place: INFO :   * Initial cost = 1
[2025-05-31, 16:14:10.219970] place: INFO : Progress   70%: begin to perform place iteration ...
[2025-05-31, 16:14:10.221240] place: INFO : Progress   80%: begin to perform final place iteration ...
[2025-05-31, 16:14:10.269035] place: INFO :   * Final cost = 1
[2025-05-31, 16:14:10.269188] place: INFO : Progress   90%: begin to write placed netlist ...
[2025-05-31, 16:14:10.274881] place: INFO : Successfully finish the placement. Elapsed Time: 1s
[2025-05-31, 16:15:40.886322] place: INFO : Release 1.0 - Place
Copyright (c) 2006-2009 FPGA-SoftwareGP.MEKeylab.FDU   All rights reserved.
[2025-05-31, 16:15:40.887031] place: INFO : Progress    0%: parsing commands ...
[2025-05-31, 16:15:40.887138] place: INFO : Progress   10%: loading arch library "/Users/junweiwang/Documents/FDU_FPGA/ufde-next/src-tauri/target/release/resource/hw_lib/fdp3p7_arch.xml" ...
[2025-05-31, 16:15:41.250556] place: INFO : Progress   20%: loading netlist "exp1_dc_pack.xml" ...
[2025-05-31, 16:15:41.259823] place: INFO : Progress   30%: loading constraint "/Volumes/Jimmy1/FUDAN/s6/workspace/asic/project/experiments/counter/ufde/goffer_exp1/exp1_cons.xml" ...
[2025-05-31, 16:15:41.260045] place: INFO : Effort Level  : 10
[2025-05-31, 16:15:41.260062] place: INFO : Mode          : Timing Driven
[2025-05-31, 16:15:41.260075] place: INFO : Progress   40%: loading delay library "/Users/junweiwang/Documents/FDU_FPGA/ufde-next/src-tauri/target/release/resource/hw_lib/fdp3p7_dly.xml" ...
[2025-05-31, 16:15:41.294067] place: INFO : Design        : "timer_display", resource statistic:
[2025-05-31, 16:15:41.294093] place: INFO :   * Amount of GCLK: 1
[2025-05-31, 16:15:41.294108] place: INFO :   * Amount of GCLKIOB: 1
[2025-05-31, 16:15:41.294123] place: INFO :   * Amount of IOB: 13
[2025-05-31, 16:15:41.294135] place: INFO :   * Amount of SLICE: 42
[2025-05-31, 16:15:41.294149] place: INFO :   * Amount of Net: 104
[2025-05-31, 16:15:41.294161] place: INFO : Device        : "fdp3000k", resource usage:
[2025-05-31, 16:15:41.294178] place: INFO :   * Proportion of GCLK: 25.00%
[2025-05-31, 16:15:41.294193] place: INFO :   * Proportion of GCLKIOB: 25.00%
[2025-05-31, 16:15:41.294206] place: INFO :   * Proportion of IOB: 9.15%
[2025-05-31, 16:15:41.294220] place: INFO :   * Proportion of SLICE(LUT0): 1.37%
[2025-05-31, 16:15:41.294429] place: INFO : Progress   50%: build FPGA architecture ...
[2025-05-31, 16:15:41.329078] place: INFO : Progress   60%: begin to initially place ...
[2025-05-31, 16:15:41.334651] place: INFO :   * Initial cost = 1
[2025-05-31, 16:15:41.334670] place: INFO : Progress   70%: begin to perform place iteration ...
[2025-05-31, 16:15:41.335847] place: INFO : Progress   80%: begin to perform final place iteration ...
[2025-05-31, 16:15:41.386300] place: INFO :   * Final cost = 1
[2025-05-31, 16:15:41.386495] place: INFO : Progress   90%: begin to write placed netlist ...
[2025-05-31, 16:15:41.391845] place: INFO : Successfully finish the placement. Elapsed Time: 1s
[2025-05-31, 16:16:52.645873] place: INFO : Release 1.0 - Place
Copyright (c) 2006-2009 FPGA-SoftwareGP.MEKeylab.FDU   All rights reserved.
[2025-05-31, 16:16:52.646314] place: INFO : Progress    0%: parsing commands ...
[2025-05-31, 16:16:52.646422] place: INFO : Progress   10%: loading arch library "/Users/junweiwang/Documents/FDU_FPGA/ufde-next/src-tauri/target/release/resource/hw_lib/fdp3p7_arch.xml" ...
[2025-05-31, 16:16:53.009960] place: INFO : Progress   20%: loading netlist "exp1_dc_pack.xml" ...
[2025-05-31, 16:16:53.019203] place: INFO : Progress   30%: loading constraint "/Volumes/Jimmy1/FUDAN/s6/workspace/asic/project/experiments/counter/ufde/goffer_exp1/exp1_cons.xml" ...
[2025-05-31, 16:16:53.019331] place: INFO : Effort Level  : 10
[2025-05-31, 16:16:53.019347] place: INFO : Mode          : Timing Driven
[2025-05-31, 16:16:53.019361] place: INFO : Progress   40%: loading delay library "/Users/junweiwang/Documents/FDU_FPGA/ufde-next/src-tauri/target/release/resource/hw_lib/fdp3p7_dly.xml" ...
[2025-05-31, 16:16:53.054213] place: INFO : Design        : "timer_display", resource statistic:
[2025-05-31, 16:16:53.054297] place: INFO :   * Amount of GCLK: 1
[2025-05-31, 16:16:53.054317] place: INFO :   * Amount of GCLKIOB: 1
[2025-05-31, 16:16:53.054331] place: INFO :   * Amount of IOB: 13
[2025-05-31, 16:16:53.054343] place: INFO :   * Amount of SLICE: 44
[2025-05-31, 16:16:53.054359] place: INFO :   * Amount of Net: 108
[2025-05-31, 16:16:53.054375] place: INFO : Device        : "fdp3000k", resource usage:
[2025-05-31, 16:16:53.054396] place: INFO :   * Proportion of GCLK: 25.00%
[2025-05-31, 16:16:53.054413] place: INFO :   * Proportion of GCLKIOB: 25.00%
[2025-05-31, 16:16:53.054426] place: INFO :   * Proportion of IOB: 9.15%
[2025-05-31, 16:16:53.054438] place: INFO :   * Proportion of SLICE(LUT0): 1.43%
[2025-05-31, 16:16:53.054869] place: INFO : Progress   50%: build FPGA architecture ...
[2025-05-31, 16:16:53.093135] place: INFO : Progress   60%: begin to initially place ...
[2025-05-31, 16:16:53.099165] place: INFO :   * Initial cost = 1
[2025-05-31, 16:16:53.099203] place: INFO : Progress   70%: begin to perform place iteration ...
[2025-05-31, 16:16:53.100419] place: INFO : Progress   80%: begin to perform final place iteration ...
[2025-05-31, 16:16:53.151235] place: INFO :   * Final cost = 1
[2025-05-31, 16:16:53.151419] place: INFO : Progress   90%: begin to write placed netlist ...
[2025-05-31, 16:16:53.157354] place: INFO : Successfully finish the placement. Elapsed Time: 1s
[2025-05-31, 16:39:37.237691] place: INFO : Release 1.0 - Place
Copyright (c) 2006-2009 FPGA-SoftwareGP.MEKeylab.FDU   All rights reserved.
[2025-05-31, 16:39:37.238494] place: INFO : Progress    0%: parsing commands ...
[2025-05-31, 16:39:37.238809] place: INFO : Progress   10%: loading arch library "/Users/junweiwang/Documents/FDU_FPGA/ufde-next/src-tauri/target/release/resource/hw_lib/fdp3p7_arch.xml" ...
[2025-05-31, 16:39:37.604309] place: INFO : Progress   20%: loading netlist "exp1_dc_pack.xml" ...
[2025-05-31, 16:39:37.624176] place: INFO : Progress   30%: loading constraint "/Volumes/Jimmy1/FUDAN/s6/workspace/asic/project/experiments/counter/ufde/goffer_exp1/exp1_cons.xml" ...
[2025-05-31, 16:39:37.624432] place: INFO : Effort Level  : 10
[2025-05-31, 16:39:37.624450] place: INFO : Mode          : Timing Driven
[2025-05-31, 16:39:37.624465] place: INFO : Progress   40%: loading delay library "/Users/junweiwang/Documents/FDU_FPGA/ufde-next/src-tauri/target/release/resource/hw_lib/fdp3p7_dly.xml" ...
[2025-05-31, 16:39:37.681392] place: INFO : Design        : "timer_display", resource statistic:
[2025-05-31, 16:39:37.681458] place: INFO :   * Amount of GCLK: 1
[2025-05-31, 16:39:37.681474] place: INFO :   * Amount of GCLKIOB: 1
[2025-05-31, 16:39:37.681487] place: INFO :   * Amount of IOB: 13
[2025-05-31, 16:39:37.681498] place: INFO :   * Amount of SLICE: 45
[2025-05-31, 16:39:37.681511] place: INFO :   * Amount of Net: 109
[2025-05-31, 16:39:37.681525] place: INFO : Device        : "fdp3000k", resource usage:
[2025-05-31, 16:39:37.681543] place: INFO :   * Proportion of GCLK: 25.00%
[2025-05-31, 16:39:37.681556] place: INFO :   * Proportion of GCLKIOB: 25.00%
[2025-05-31, 16:39:37.681569] place: INFO :   * Proportion of IOB: 9.15%
[2025-05-31, 16:39:37.681582] place: INFO :   * Proportion of SLICE(LUT0): 1.46%
[2025-05-31, 16:39:37.681855] place: INFO : Progress   50%: build FPGA architecture ...
[2025-05-31, 16:39:37.717414] place: INFO : Progress   60%: begin to initially place ...
[2025-05-31, 16:39:37.723746] place: INFO :   * Initial cost = 1
[2025-05-31, 16:39:37.723809] place: INFO : Progress   70%: begin to perform place iteration ...
[2025-05-31, 16:39:37.725070] place: INFO : Progress   80%: begin to perform final place iteration ...
[2025-05-31, 16:39:37.776483] place: INFO :   * Final cost = 1
[2025-05-31, 16:39:37.776672] place: INFO : Progress   90%: begin to write placed netlist ...
[2025-05-31, 16:39:37.782389] place: INFO : Successfully finish the placement. Elapsed Time: 0s
[2025-05-31, 16:56:53.322867] place: INFO : Release 1.0 - Place
Copyright (c) 2006-2009 FPGA-SoftwareGP.MEKeylab.FDU   All rights reserved.
[2025-05-31, 16:56:53.323580] place: INFO : Progress    0%: parsing commands ...
[2025-05-31, 16:56:53.323949] place: INFO : Progress   10%: loading arch library "/Users/junweiwang/Documents/FDU_FPGA/ufde-next/src-tauri/target/release/resource/hw_lib/fdp3p7_arch.xml" ...
[2025-05-31, 16:56:53.685319] place: INFO : Progress   20%: loading netlist "exp1_dc_pack.xml" ...
[2025-05-31, 16:56:53.692601] place: INFO : Progress   30%: loading constraint "/Volumes/Jimmy1/FUDAN/s6/workspace/asic/project/experiments/counter/ufde/goffer_exp1/exp1_cons.xml" ...
[2025-05-31, 16:56:53.692736] place: INFO : Effort Level  : 10
[2025-05-31, 16:56:53.692752] place: INFO : Mode          : Timing Driven
[2025-05-31, 16:56:53.692767] place: INFO : Progress   40%: loading delay library "/Users/junweiwang/Documents/FDU_FPGA/ufde-next/src-tauri/target/release/resource/hw_lib/fdp3p7_dly.xml" ...
[2025-05-31, 16:56:53.727742] place: INFO : Design        : "timer_display", resource statistic:
[2025-05-31, 16:56:53.727800] place: INFO :   * Amount of GCLK: 1
[2025-05-31, 16:56:53.727816] place: INFO :   * Amount of GCLKIOB: 1
[2025-05-31, 16:56:53.727829] place: INFO :   * Amount of IOB: 13
[2025-05-31, 16:56:53.727841] place: INFO :   * Amount of SLICE: 31
[2025-05-31, 16:56:53.727854] place: INFO :   * Amount of Net: 82
[2025-05-31, 16:56:53.727869] place: INFO : Device        : "fdp3000k", resource usage:
[2025-05-31, 16:56:53.727887] place: INFO :   * Proportion of GCLK: 25.00%
[2025-05-31, 16:56:53.727902] place: INFO :   * Proportion of GCLKIOB: 25.00%
[2025-05-31, 16:56:53.727917] place: INFO :   * Proportion of IOB: 9.15%
[2025-05-31, 16:56:53.727932] place: INFO :   * Proportion of SLICE(LUT0): 1.01%
[2025-05-31, 16:56:53.728239] place: INFO : Progress   50%: build FPGA architecture ...
[2025-05-31, 16:56:53.763830] place: INFO : Progress   60%: begin to initially place ...
[2025-05-31, 16:56:53.768583] place: INFO :   * Initial cost = 1
[2025-05-31, 16:56:53.768635] place: INFO : Progress   70%: begin to perform place iteration ...
[2025-05-31, 16:56:53.769540] place: INFO : Progress   80%: begin to perform final place iteration ...
[2025-05-31, 16:56:53.804890] place: INFO :   * Final cost = 1
[2025-05-31, 16:56:53.805047] place: INFO : Progress   90%: begin to write placed netlist ...
[2025-05-31, 16:56:53.809586] place: INFO : Successfully finish the placement. Elapsed Time: 0s
[2025-05-31, 17:00:13.496945] place: INFO : Release 1.0 - Place
Copyright (c) 2006-2009 FPGA-SoftwareGP.MEKeylab.FDU   All rights reserved.
[2025-05-31, 17:00:13.497748] place: INFO : Progress    0%: parsing commands ...
[2025-05-31, 17:00:13.498178] place: INFO : Progress   10%: loading arch library "/Users/junweiwang/Documents/FDU_FPGA/ufde-next/src-tauri/target/release/resource/hw_lib/fdp3p7_arch.xml" ...
[2025-05-31, 17:00:13.859811] place: INFO : Progress   20%: loading netlist "exp1_dc_pack.xml" ...
[2025-05-31, 17:00:13.867430] place: INFO : Progress   30%: loading constraint "/Volumes/Jimmy1/FUDAN/s6/workspace/asic/project/experiments/counter/ufde/goffer_exp1/exp1_cons.xml" ...
[2025-05-31, 17:00:13.868117] place: INFO : Effort Level  : 10
[2025-05-31, 17:00:13.868136] place: INFO : Mode          : Timing Driven
[2025-05-31, 17:00:13.868152] place: INFO : Progress   40%: loading delay library "/Users/junweiwang/Documents/FDU_FPGA/ufde-next/src-tauri/target/release/resource/hw_lib/fdp3p7_dly.xml" ...
[2025-05-31, 17:00:13.902590] place: INFO : Design        : "timer_display", resource statistic:
[2025-05-31, 17:00:13.902624] place: INFO :   * Amount of GCLK: 1
[2025-05-31, 17:00:13.902638] place: INFO :   * Amount of GCLKIOB: 1
[2025-05-31, 17:00:13.902651] place: INFO :   * Amount of IOB: 13
[2025-05-31, 17:00:13.902663] place: INFO :   * Amount of SLICE: 31
[2025-05-31, 17:00:13.902675] place: INFO :   * Amount of Net: 82
[2025-05-31, 17:00:13.902686] place: INFO : Device        : "fdp3000k", resource usage:
[2025-05-31, 17:00:13.902703] place: INFO :   * Proportion of GCLK: 25.00%
[2025-05-31, 17:00:13.902715] place: INFO :   * Proportion of GCLKIOB: 25.00%
[2025-05-31, 17:00:13.902727] place: INFO :   * Proportion of IOB: 9.15%
[2025-05-31, 17:00:13.902740] place: INFO :   * Proportion of SLICE(LUT0): 1.01%
[2025-05-31, 17:00:13.902988] place: INFO : Progress   50%: build FPGA architecture ...
[2025-05-31, 17:00:13.938346] place: INFO : Progress   60%: begin to initially place ...
[2025-05-31, 17:00:13.942813] place: INFO :   * Initial cost = 1
[2025-05-31, 17:00:13.942864] place: INFO : Progress   70%: begin to perform place iteration ...
[2025-05-31, 17:00:13.943861] place: INFO : Progress   80%: begin to perform final place iteration ...
[2025-05-31, 17:00:13.978243] place: INFO :   * Final cost = 1
[2025-05-31, 17:00:13.978446] place: INFO : Progress   90%: begin to write placed netlist ...
[2025-05-31, 17:00:13.983107] place: INFO : Successfully finish the placement. Elapsed Time: 0s
[2025-05-31, 18:52:34.027999] place: INFO : Release 1.0 - Place
Copyright (c) 2006-2009 FPGA-SoftwareGP.MEKeylab.FDU   All rights reserved.
[2025-05-31, 18:52:34.028703] place: INFO : Progress    0%: parsing commands ...
[2025-05-31, 18:52:34.029062] place: INFO : Progress   10%: loading arch library "/Users/junweiwang/Documents/FDU_FPGA/ufde-next/src-tauri/target/release/resource/hw_lib/fdp3p7_arch.xml" ...
[2025-05-31, 18:52:34.389749] place: INFO : Progress   20%: loading netlist "exp1_dc_pack.xml" ...
[2025-05-31, 18:52:34.397171] place: INFO : Progress   30%: loading constraint "/Volumes/Jimmy1/FUDAN/s6/workspace/asic/project/experiments/counter/ufde/goffer_exp1/exp1_cons.xml" ...
[2025-05-31, 18:52:34.397618] place: INFO : Effort Level  : 10
[2025-05-31, 18:52:34.397647] place: INFO : Mode          : Timing Driven
[2025-05-31, 18:52:34.397662] place: INFO : Progress   40%: loading delay library "/Users/junweiwang/Documents/FDU_FPGA/ufde-next/src-tauri/target/release/resource/hw_lib/fdp3p7_dly.xml" ...
[2025-05-31, 18:52:34.431496] place: INFO : Design        : "timer_display", resource statistic:
[2025-05-31, 18:52:34.431515] place: INFO :   * Amount of GCLK: 1
[2025-05-31, 18:52:34.431528] place: INFO :   * Amount of GCLKIOB: 1
[2025-05-31, 18:52:34.431540] place: INFO :   * Amount of IOB: 13
[2025-05-31, 18:52:34.431552] place: INFO :   * Amount of SLICE: 32
[2025-05-31, 18:52:34.431564] place: INFO :   * Amount of Net: 82
[2025-05-31, 18:52:34.431575] place: INFO : Device        : "fdp3000k", resource usage:
[2025-05-31, 18:52:34.431591] place: INFO :   * Proportion of GCLK: 25.00%
[2025-05-31, 18:52:34.431605] place: INFO :   * Proportion of GCLKIOB: 25.00%
[2025-05-31, 18:52:34.431616] place: INFO :   * Proportion of IOB: 9.15%
[2025-05-31, 18:52:34.431628] place: INFO :   * Proportion of SLICE(LUT0): 1.04%
[2025-05-31, 18:52:34.431830] place: INFO : Progress   50%: build FPGA architecture ...
[2025-05-31, 18:52:34.466502] place: INFO : Progress   60%: begin to initially place ...
[2025-05-31, 18:52:34.470883] place: INFO :   * Initial cost = 1
[2025-05-31, 18:52:34.470899] place: INFO : Progress   70%: begin to perform place iteration ...
[2025-05-31, 18:52:34.471919] place: INFO : Progress   80%: begin to perform final place iteration ...
[2025-05-31, 18:52:34.505594] place: INFO :   * Final cost = 1
[2025-05-31, 18:52:34.505718] place: INFO : Progress   90%: begin to write placed netlist ...
[2025-05-31, 18:52:34.510244] place: INFO : Successfully finish the placement. Elapsed Time: 0s
