[2025-06-09, 16:25:17.277442] place: INFO : Release 1.0 - Place
Copyright (c) 2006-2009 FPGA-SoftwareGP.MEKeylab.FDU   All rights reserved.
[2025-06-09, 16:25:17.277942] place: INFO : Progress    0%: parsing commands ...
[2025-06-09, 16:25:17.277942] place: INFO : Progress   10%: loading arch library "D:\Program Files (x86)\FDE2021\hw_lib\fdp3p7_arch.xml" ...
[2025-06-09, 16:25:17.409864] place: INFO : Progress   20%: loading netlist "whackamole_fde_dc_pack.xml" ...
[2025-06-09, 16:25:17.420383] place: INFO : Progress   30%: loading constraint "D:\FDE\Workspace\whackamole\src\cons.xml" ...
[2025-06-09, 16:25:17.420886] place: INFO : Effort Level  : 10
[2025-06-09, 16:25:17.420886] place: INFO : Mode          : Timing Driven
[2025-06-09, 16:25:17.420886] place: INFO : Progress   40%: loading delay library "D:\Program Files (x86)\FDE2021\hw_lib\fdp3p7_dly.xml" ...
[2025-06-09, 16:25:17.443437] place: INFO : Design        : "top", resource statistic:
[2025-06-09, 16:25:17.443437] place: INFO :   * Amount of GCLK: 1
[2025-06-09, 16:25:17.443437] place: INFO :   * Amount of GCLKIOB: 1
[2025-06-09, 16:25:17.443437] place: INFO :   * Amount of IOB: 52
[2025-06-09, 16:25:17.443437] place: INFO :   * Amount of SLICE: 443
[2025-06-09, 16:25:17.443437] place: INFO :   * Amount of Net: 955
[2025-06-09, 16:25:17.443437] place: INFO : Device        : "fdp3000k", resource usage:
[2025-06-09, 16:25:17.443437] place: INFO :   * Proportion of GCLK: 25.00%
[2025-06-09, 16:25:17.443437] place: INFO :   * Proportion of GCLKIOB: 25.00%
[2025-06-09, 16:25:17.443437] place: INFO :   * Proportion of IOB: 36.62%
[2025-06-09, 16:25:17.443437] place: INFO :   * Proportion of SLICE(LUT0): 14.42%
[2025-06-09, 16:25:17.444440] place: INFO : Progress   50%: build FPGA architecture ...
[2025-06-09, 16:25:17.463502] place: INFO : Progress   60%: begin to initially place ...
[2025-06-09, 16:25:17.473019] place: INFO :   * Initial cost = 1
[2025-06-09, 16:25:17.473019] place: INFO : Progress   70%: begin to perform place iteration ...
[2025-06-09, 16:25:17.475024] place: INFO : Progress   80%: begin to perform final place iteration ...
[2025-06-09, 16:25:17.664448] place: INFO :   * Final cost = 1
[2025-06-09, 16:25:17.664821] place: INFO : Progress   90%: begin to write placed netlist ...
[2025-06-09, 16:25:17.690070] place: INFO : Successfully finish placement. Elapsed Time: 0s
