[2025-05-30, 15:37:56.618114] place: INFO : Release 1.0 - Place
Copyright (c) 2006-2009 FPGA-SoftwareGP.MEKeylab.FDU   All rights reserved.
[2025-05-30, 15:37:56.618114] place: INFO : Progress    0%: parsing commands ...
[2025-05-30, 15:37:56.619116] place: INFO : Progress   10%: loading arch library "\\?\C:\Users\wjw_0\AppData\Local\UFDE+\resource\hw_lib\fdp3p7_arch.xml" ...
[2025-05-30, 15:37:56.726406] place: INFO : Progress   20%: loading netlist "goffer_exp0_dc_pack.xml" ...
[2025-05-30, 15:37:56.727418] place: INFO : Progress   30%: loading constraint "D:\FDE\Workspace\goffer_exp0\goffer_exp0_cons.xml" ...
[2025-05-30, 15:37:56.727418] place: INFO : Effort Level  : 10
[2025-05-30, 15:37:56.727418] place: INFO : Mode          : Timing Driven
[2025-05-30, 15:37:56.727418] place: INFO : Progress   40%: loading delay library "\\?\C:\Users\wjw_0\AppData\Local\UFDE+\resource\hw_lib\fdp3p7_dly.xml" ...
[2025-05-30, 15:37:56.740929] place: INFO : Design        : "timer_display", resource statistic:
[2025-05-30, 15:37:56.740929] place: INFO :   * Amount of GCLK: 1
[2025-05-30, 15:37:56.740929] place: INFO :   * Amount of GCLKIOB: 1
[2025-05-30, 15:37:56.740929] place: INFO :   * Amount of IOB: 8
[2025-05-30, 15:37:56.740929] place: INFO :   * Amount of SLICE: 24
[2025-05-30, 15:37:56.740929] place: INFO :   * Amount of Net: 59
[2025-05-30, 15:37:56.740929] place: INFO : Device        : "fdp3000k", resource usage:
[2025-05-30, 15:37:56.740929] place: INFO :   * Proportion of GCLK: 25.00%
[2025-05-30, 15:37:56.740929] place: INFO :   * Proportion of GCLKIOB: 25.00%
[2025-05-30, 15:37:56.740929] place: INFO :   * Proportion of IOB: 5.63%
[2025-05-30, 15:37:56.740929] place: INFO :   * Proportion of SLICE(LUT0): 0.78%
[2025-05-30, 15:37:56.740929] place: INFO : Progress   50%: build FPGA architecture ...
[2025-05-30, 15:37:56.765298] place: INFO : Progress   60%: begin to initially place ...
[2025-05-30, 15:37:56.765914] place: INFO :   * Initial cost = 1
[2025-05-30, 15:37:56.765914] place: INFO : Progress   70%: begin to perform place iteration ...
[2025-05-30, 15:37:56.765914] place: INFO : Progress   80%: begin to perform final place iteration ...
[2025-05-30, 15:37:56.767921] place: INFO :   * Final cost = 1
[2025-05-30, 15:37:56.767921] place: INFO : Progress   90%: begin to write placed netlist ...
[2025-05-30, 15:37:56.770427] place: INFO : Successfully finish the placement. Elapsed Time: 0s
