/eda/synopsys/dc2013/auxx/gui/dv/dv_setup.tcl
/eda/synopsys/dc2013/auxx/gui/syn/snpsSynProcs.tcl
/eda/synopsys/dc2013/auxx/tcllib/lib/tcl8.4/package.tcl
/eda/synopsys/dc2013/auxx/gui/syn/layout/pkgIndex.tcl
/eda/synopsys/dc2013/auxx/gui/common/timing/pkgIndex.tcl
/eda/synopsys/dc2013/auxx/gui/common/misc/pkgIndex.tcl
/eda/synopsys/dc2013/auxx/gui/common/select/pkgIndex.tcl
/eda/synopsys/dc2013/auxx/gui/common/acg/pkgIndex.tcl
/eda/synopsys/dc2013/auxx/gui/common/WindowFrameWork/pkgIndex.tcl
/eda/synopsys/dc2013/auxx/gui/common/highlight/pkgIndex.tcl
/eda/synopsys/dc2013/auxx/gui/common/layout/pkgIndex.tcl
/eda/synopsys/dc2013/auxx/gui/common/libviewer/pkgIndex.tcl
/eda/synopsys/dc2013/auxx/gui/common/fanoutviewer/pkgIndex.tcl
/eda/synopsys/dc2013/auxx/gui/common/schematic/pkgIndex.tcl
/eda/synopsys/dc2013/auxx/gui/common/docBrowser/pkgIndex.tcl
/eda/synopsys/dc2013/auxx/gui/common/profiler/pkgIndex.tcl
/eda/synopsys/dc2013/auxx/gui/common/regressionToolkit/pkgIndex.tcl
/eda/synopsys/dc2013/auxx/gui/common/opdlg/pkgIndex.tcl
/eda/synopsys/dc2013/auxx/gui/common/setup/pkgIndex.tcl
/eda/synopsys/dc2013/auxx/gui/common/dialogs/pkgIndex.tcl
/eda/synopsys/dc2013/auxx/gui/common/histogram/pkgIndex.tcl
/eda/synopsys/dc2013/auxx/gui/common/qtcl/pkgIndex.tcl
/eda/synopsys/dc2013/auxx/gui/common/table/pkgIndex.tcl
/eda/synopsys/dc2013/auxx/gui/common/tcl-dp/pkgIndex.tcl
/eda/synopsys/dc2013/auxx/gui/common/strokes/pkgIndex.tcl
/eda/synopsys/dc2013/auxx/gui/common/pathinspector/pkgIndex.tcl
/eda/synopsys/dc2013/auxx/gui/common/menus/pkgIndex.tcl
/eda/synopsys/dc2013/auxx/gui/common/hierarchy/pkgIndex.tcl
/eda/synopsys/dc2013/auxx/gui/common/view/pkgIndex.tcl
/eda/synopsys/dc2013/auxx/gui/dv/pkgIndex.tcl
/eda/synopsys/dc2013/auxx/tcllib/snps_tcl/snpsTest/pkgIndex.tcl
/eda/synopsys/dc2013/auxx/tcllib/snps_tcl/snpsUtils/pkgIndex.tcl
/eda/synopsys/dc2013/auxx/tcllib/snps_tcl/snpsTclPro/pkgIndex.tcl
/eda/synopsys/dc2013/auxx/tcllib/snps_tcl/pkgIndex.tcl
/eda/synopsys/dc2013/auxx/tcllib/lib/tcl8.4/opt/pkgIndex.tcl
/eda/synopsys/dc2013/auxx/tcllib/lib/tcl8.4/dde/pkgIndex.tcl
/eda/synopsys/dc2013/auxx/tcllib/lib/tcl8.4/http/pkgIndex.tcl
/eda/synopsys/dc2013/auxx/tcllib/lib/tcl8.4/reg/pkgIndex.tcl
/eda/synopsys/dc2013/auxx/tcllib/lib/tcl8.4/tcltest/pkgIndex.tcl
/eda/synopsys/dc2013/auxx/tcllib/lib/tcl8.4/http1.0/pkgIndex.tcl
/eda/synopsys/dc2013/auxx/tcllib/lib/tcl8.4/msgcat/pkgIndex.tcl
/eda/synopsys/dc2013/auxx/gui/common/setup/snpsCommonSetup.tcl
/eda/synopsys/dc2013/auxx/gui/common/setup/snpsCustomize.tcl
/eda/synopsys/dc2013/auxx/gui/common/setup/snpsProcheck.tcl
/eda/synopsys/dc2013/auxx/gui/common/qtcl/.synopsys_qtcl.tcl
/eda/synopsys/dc2013/auxx/gui/common/highlight/highlight.tcl
/eda/synopsys/dc2013/auxx/gui/common/misc/base.tcl
/eda/synopsys/dc2013/auxx/gui/common/misc/timing.tcl
/eda/synopsys/dc2013/auxx/gui/common/misc/setting.tcl
/eda/synopsys/dc2013/auxx/gui/common/misc/preset.tcl
/eda/synopsys/dc2013/auxx/gui/common/WindowFrameWork/windowFrameWork.tcl
/eda/synopsys/dc2013/auxx/gui/common/WindowFrameWork/skipBusyCursorCmdList.tcl
/eda/synopsys/dc2013/auxx/gui/common/docBrowser/docBrowser.tcl
/eda/synopsys/dc2013/auxx/tcllib/snps_tcl/snpsUtils/snpsUtils.tcl
/eda/synopsys/dc2013/auxx/gui/common/dialogs/ObjectChooser.tcl
/eda/synopsys/dc2013/auxx/gui/common/misc/DialogObjectChooser.tcl
/eda/synopsys/dc2013/auxx/gui/common/dialogs/HistBinInformation.tcl
/eda/synopsys/dc2013/auxx/gui/common/dialogs/HistBin1Information.tcl
/eda/synopsys/dc2013/auxx/gui/common/dialogs/BinsOnlyInformation.tcl
/eda/synopsys/dc2013/auxx/gui/common/dialogs/FileChooser.tcl
/eda/synopsys/dc2013/auxx/gui/common/dialogs/PathPinSimpleInfo.tcl
/eda/synopsys/dc2013/auxx/gui/common/dialogs/PathsBasicInfo.tcl
/eda/synopsys/dc2013/auxx/gui/common/dialogs/PathsBasicSimpleInfo.tcl
/eda/synopsys/dc2013/auxx/gui/common/dialogs/SlctOperationInfo.tcl
/eda/synopsys/dc2013/auxx/gui/common/dialogs/ObjectListInfo.tcl
/eda/synopsys/dc2013/auxx/gui/common/dialogs/FanInOutInfo.tcl
/eda/synopsys/dc2013/auxx/gui/common/dialogs/NumberOfLevelsChooser.tcl
/eda/synopsys/dc2013/auxx/gui/common/dialogs/WindowReuseInfo.tcl
/eda/synopsys/dc2013/auxx/gui/common/dialogs/ReportOutputOptionInfo.tcl
/eda/synopsys/dc2013/auxx/gui/common/setup/snpsCollections.tcl
/eda/synopsys/dc2013/auxx/gui/common/dialogs/CompileLinkDesign.tcl
/eda/synopsys/dc2013/auxx/gui/common/histogram/DialogEndpointSlack.tcl
/eda/synopsys/dc2013/auxx/gui/common/histogram/DialogPathsSlack.tcl
/eda/synopsys/dc2013/auxx/gui/common/histogram/DialogNetCapacitance.tcl
/eda/synopsys/dc2013/auxx/gui/common/schematic/DialogPathSchematicFanInOut.tcl
/eda/synopsys/dc2013/auxx/gui/common/schematic/DialogPathSchematicAddPaths.tcl
/home/allenwalker/project/prng/compile.tcl
/home/allenwalker/project/lib/fde_dc.db
/eda/synopsys/dc2013/libraries/syn/gtech.db
/eda/synopsys/dc2013/libraries/syn/standard.sldb
/home/allenwalker/project/lib/fde_dc.db
/home/allenwalker/project/lib/fde_dc.db
/home/allenwalker/project/prng/alib-52/fde_dc.db.alib
/eda/synopsys/dc2013/libraries/syn/dw_foundation.sldb
/home/allenwalker/project/lib/fde_dc.db
/home/allenwalker/project/prng/alib-52/fde_dc.db.alib
/home/allenwalker/project/lib/fde_dc.db
/home/allenwalker/project/prng/compile.tcl
/home/allenwalker/project/lib/fde_dc.db
/home/allenwalker/project/prng/alib-52/fde_dc.db.alib
/home/allenwalker/project/lib/fde_dc.db
/home/allenwalker/synopsys_cache_H-2013.03/DW01/DW01_MUX/str/fde_dc_6647_8167_6494/element.ddc
/home/allenwalker/synopsys_cache_H-2013.03/DW01/DW01_mmux/str/2/fde_dc_6647_8167_6494/element.ddc
/home/allenwalker/synopsys_cache_H-2013.03/DW01/DW01_mmux/str/3/fde_dc_6647_8167_6494/element.ddc
/home/allenwalker/synopsys_cache_H-2013.03/DW01/DW01_mmux/str/4/fde_dc_6647_8167_6494/element.ddc
/home/allenwalker/synopsys_cache_H-2013.03/DW01/DW01_mmux/str/5/fde_dc_6647_8167_6494/element.ddc
/home/allenwalker/synopsys_cache_H-2013.03/DW01/DW_cmp/pparch/32/fde_dc_6647_8167_6494/element.ddc
/home/allenwalker/synopsys_cache_H-2013.03/DW01/DW_cmp/apparch/32/fde_dc_6647_8167_6494/element.ddc
/home/allenwalker/synopsys_cache_H-2013.03/DW01/DW01_inc/rpl/32/fde_dc_6647_8167_6494/element.ddc
/home/allenwalker/synopsys_cache_H-2013.03/DW01/DW01_inc/apparch/32/fde_dc_6647_8167_6494/element.ddc
/home/allenwalker/synopsys_cache_H-2013.03/DW01/DW01_NOT/str/fde_dc_6647_8167_6494/element.ddc
/home/allenwalker/synopsys_cache_H-2013.03/DW01/DW01_cmp6/pparch/32/fde_dc_6647_8167_6494/element.ddc
/home/allenwalker/synopsys_cache_H-2013.03/DW01/DW01_cmp6/apparch/32/fde_dc_6647_8167_6494/element.ddc
/home/allenwalker/synopsys_cache_H-2013.03/DW01/DW01_cmp2/pparch/32/fde_dc_6647_8167_6494/element.ddc
/home/allenwalker/synopsys_cache_H-2013.03/DW01/DW01_cmp2/apparch/32/fde_dc_6647_8167_6494/element.ddc
/home/allenwalker/synopsys_cache_H-2013.03/DW01/DW01_add/cla/32/fde_dc_6647_8167_6494/element.ddc
/home/allenwalker/synopsys_cache_H-2013.03/DW01/DW01_add/apparch/32/fde_dc_6647_8167_6494/element.ddc
/home/allenwalker/synopsys_cache_H-2013.03/DW01/DW01_incdec/pparch/32/fde_dc_6647_8167_6494/element.ddc
/home/allenwalker/synopsys_cache_H-2013.03/DW01/DW01_incdec/apparch/32/fde_dc_6647_8167_6494/element.ddc
/home/allenwalker/project/lib/fde_dc.db
/home/allenwalker/project/lib/fde_dc.db
/home/allenwalker/project/prng/alib-52/fde_dc.db.alib
/home/allenwalker/project/lib/fde_dc.db
/home/allenwalker/project/lib/fde_dc.db
